Performing C SOURCE FILE Test CMAKE_HAVE_LIBC_PTHREAD failed with the following output:
Change Dir: /home/cky/Desktop/bust/build/CMakeFiles/CMakeTmp

Run Build Command(s):/usr/bin/make cmTC_9e45a/fast && /usr/bin/make -f CMakeFiles/cmTC_9e45a.dir/build.make CMakeFiles/cmTC_9e45a.dir/build
make[1]: Entering directory '/home/cky/Desktop/bust/build/CMakeFiles/CMakeTmp'
Building C object CMakeFiles/cmTC_9e45a.dir/src.c.o
/usr/bin/clang-12   -DCMAKE_HAVE_LIBC_PTHREAD -fPIE   -o CMakeFiles/cmTC_9e45a.dir/src.c.o   -c /home/cky/Desktop/bust/build/CMakeFiles/CMakeTmp/src.c
Linking C executable cmTC_9e45a
/usr/bin/cmake -E cmake_link_script CMakeFiles/cmTC_9e45a.dir/link.txt --verbose=1
/usr/bin/clang-12  -DCMAKE_HAVE_LIBC_PTHREAD    CMakeFiles/cmTC_9e45a.dir/src.c.o  -o cmTC_9e45a 
/usr/bin/ld: CMakeFiles/cmTC_9e45a.dir/src.c.o: in function `main':
src.c:(.text+0x32): undefined reference to `pthread_create'
/usr/bin/ld: src.c:(.text+0x3b): undefined reference to `pthread_detach'
/usr/bin/ld: src.c:(.text+0x48): undefined reference to `pthread_join'
clang: error: linker command failed with exit code 1 (use -v to see invocation)
make[1]: *** [CMakeFiles/cmTC_9e45a.dir/build.make:87: cmTC_9e45a] Error 1
make[1]: Leaving directory '/home/cky/Desktop/bust/build/CMakeFiles/CMakeTmp'
make: *** [Makefile:121: cmTC_9e45a/fast] Error 2


Source file was:
#include <pthread.h>

void* test_func(void* data)
{
  return data;
}

int main(void)
{
  pthread_t thread;
  pthread_create(&thread, NULL, test_func, NULL);
  pthread_detach(thread);
  pthread_join(thread, NULL);
  pthread_atfork(NULL, NULL, NULL);
  pthread_exit(NULL);

  return 0;
}

Determining if the function pthread_create exists in the pthreads failed with the following output:
Change Dir: /home/cky/Desktop/bust/build/CMakeFiles/CMakeTmp

Run Build Command(s):/usr/bin/make cmTC_07fd2/fast && /usr/bin/make -f CMakeFiles/cmTC_07fd2.dir/build.make CMakeFiles/cmTC_07fd2.dir/build
make[1]: Entering directory '/home/cky/Desktop/bust/build/CMakeFiles/CMakeTmp'
Building C object CMakeFiles/cmTC_07fd2.dir/CheckFunctionExists.c.o
/usr/bin/clang-12   -DCHECK_FUNCTION_EXISTS=pthread_create -fPIE   -o CMakeFiles/cmTC_07fd2.dir/CheckFunctionExists.c.o   -c /usr/share/cmake-3.16/Modules/CheckFunctionExists.c
Linking C executable cmTC_07fd2
/usr/bin/cmake -E cmake_link_script CMakeFiles/cmTC_07fd2.dir/link.txt --verbose=1
/usr/bin/clang-12  -DCHECK_FUNCTION_EXISTS=pthread_create    CMakeFiles/cmTC_07fd2.dir/CheckFunctionExists.c.o  -o cmTC_07fd2  -lpthreads 
/usr/bin/ld: cannot find -lpthreads
clang: error: linker command failed with exit code 1 (use -v to see invocation)
make[1]: *** [CMakeFiles/cmTC_07fd2.dir/build.make:87: cmTC_07fd2] Error 1
make[1]: Leaving directory '/home/cky/Desktop/bust/build/CMakeFiles/CMakeTmp'
make: *** [Makefile:121: cmTC_07fd2/fast] Error 2



